<?xml version="1.0" encoding="UTF-8"?>
<coverage generated="1721312178031" clover="3.2.0">
  <project timestamp="1721312178031" name="All files">
    <metrics statements="105" coveredstatements="96" conditionals="51" coveredconditionals="36" methods="17" coveredmethods="15" elements="173" coveredelements="147" complexity="0" loc="105" ncloc="105" packages="3" files="5" classes="5"/>
    <package name="api">
      <metrics statements="14" coveredstatements="14" conditionals="4" coveredconditionals="4" methods="2" coveredmethods="2"/>
      <file name="getApiSearch.tsx" path="D:\GitHub\React\src\component\api\getApiSearch.tsx">
        <metrics statements="14" coveredstatements="14" conditionals="4" coveredconditionals="4" methods="2" coveredmethods="2"/>
        <line num="5" count="2" type="stmt"/>
        <line num="6" count="2" type="cond" truecount="1" falsecount="0"/>
        <line num="7" count="1" type="stmt"/>
        <line num="9" count="1" type="stmt"/>
        <line num="10" count="1" type="stmt"/>
        <line num="12" count="1" type="stmt"/>
        <line num="14" count="1" type="cond" truecount="1" falsecount="0"/>
        <line num="22" count="2" type="stmt"/>
        <line num="26" count="2" type="cond" truecount="2" falsecount="0"/>
        <line num="27" count="1" type="stmt"/>
        <line num="29" count="1" type="stmt"/>
        <line num="32" count="2" type="stmt"/>
        <line num="34" count="2" type="stmt"/>
        <line num="37" count="2" type="stmt"/>
      </file>
    </package>
    <package name="header">
      <metrics statements="26" coveredstatements="26" conditionals="9" coveredconditionals="7" methods="4" coveredmethods="4"/>
      <file name="button.tsx" path="D:\GitHub\React\src\component\header\button.tsx">
        <metrics statements="10" coveredstatements="10" conditionals="2" coveredconditionals="2" methods="2" coveredmethods="2"/>
        <line num="1" count="1" type="stmt"/>
        <line num="8" count="1" type="stmt"/>
        <line num="9" count="4" type="stmt"/>
        <line num="10" count="4" type="stmt"/>
        <line num="13" count="4" type="cond" truecount="2" falsecount="0"/>
        <line num="15" count="4" type="stmt"/>
        <line num="16" count="2" type="stmt"/>
        <line num="17" count="2" type="stmt"/>
        <line num="20" count="4" type="stmt"/>
        <line num="27" count="1" type="stmt"/>
      </file>
      <file name="input.tsx" path="D:\GitHub\React\src\component\header\input.tsx">
        <metrics statements="16" coveredstatements="16" conditionals="7" coveredconditionals="5" methods="2" coveredmethods="2"/>
        <line num="1" count="1" type="stmt"/>
        <line num="2" count="1" type="stmt"/>
        <line num="3" count="1" type="stmt"/>
        <line num="10" count="1" type="stmt"/>
        <line num="11" count="5" type="stmt"/>
        <line num="12" count="5" type="cond" truecount="1" falsecount="1"/>
        <line num="14" count="5" type="cond" truecount="3" falsecount="0"/>
        <line num="15" count="3" type="stmt"/>
        <line num="18" count="5" type="cond" truecount="1" falsecount="1"/>
        <line num="20" count="5" type="stmt"/>
        <line num="21" count="1" type="stmt"/>
        <line num="22" count="1" type="stmt"/>
        <line num="25" count="5" type="stmt"/>
        <line num="26" count="5" type="stmt"/>
        <line num="28" count="5" type="stmt"/>
        <line num="39" count="1" type="stmt"/>
      </file>
    </package>
    <package name="main">
      <metrics statements="65" coveredstatements="56" conditionals="38" coveredconditionals="25" methods="11" coveredmethods="9"/>
      <file name="pageLink.tsx" path="D:\GitHub\React\src\component\main\pageLink.tsx">
        <metrics statements="17" coveredstatements="15" conditionals="3" coveredconditionals="2" methods="4" coveredmethods="3"/>
        <line num="1" count="2" type="stmt"/>
        <line num="2" count="2" type="stmt"/>
        <line num="3" count="2" type="stmt"/>
        <line num="9" count="2" type="stmt"/>
        <line num="10" count="1" type="stmt"/>
        <line num="11" count="1" type="stmt"/>
        <line num="12" count="1" type="stmt"/>
        <line num="13" count="1" type="stmt"/>
        <line num="14" count="1" type="stmt"/>
        <line num="16" count="1" type="stmt"/>
        <line num="17" count="1" type="stmt"/>
        <line num="18" count="1" type="stmt"/>
        <line num="19" count="0" type="cond" truecount="0" falsecount="1"/>
        <line num="20" count="0" type="stmt"/>
        <line num="25" count="3" type="stmt"/>
        <line num="34" count="1" type="stmt"/>
        <line num="41" count="2" type="stmt"/>
      </file>
      <file name="post.tsx" path="D:\GitHub\React\src\component\main\post.tsx">
        <metrics statements="48" coveredstatements="41" conditionals="35" coveredconditionals="23" methods="7" coveredmethods="6"/>
        <line num="1" count="1" type="stmt"/>
        <line num="2" count="1" type="stmt"/>
        <line num="4" count="1" type="stmt"/>
        <line num="5" count="1" type="stmt"/>
        <line num="6" count="1" type="stmt"/>
        <line num="13" count="1" type="stmt"/>
        <line num="14" count="6" type="stmt"/>
        <line num="15" count="6" type="stmt"/>
        <line num="17" count="6" type="stmt"/>
        <line num="22" count="6" type="stmt"/>
        <line num="23" count="6" type="stmt"/>
        <line num="25" count="8" type="stmt"/>
        <line num="26" count="2" type="cond" truecount="1" falsecount="1"/>
        <line num="27" count="2" type="stmt"/>
        <line num="28" count="2" type="stmt"/>
        <line num="30" count="0" type="stmt"/>
        <line num="31" count="0" type="stmt"/>
        <line num="32" count="0" type="cond" truecount="0" falsecount="1"/>
        <line num="33" count="0" type="stmt"/>
        <line num="39" count="2" type="stmt"/>
        <line num="40" count="2" type="stmt"/>
        <line num="41" count="2" type="stmt"/>
        <line num="46" count="2" type="stmt"/>
        <line num="49" count="6" type="stmt"/>
        <line num="50" count="2" type="stmt"/>
        <line num="53" count="6" type="stmt"/>
        <line num="54" count="2" type="stmt"/>
        <line num="55" count="2" type="stmt"/>
        <line num="56" count="2" type="stmt"/>
        <line num="60" count="12" type="stmt"/>
        <line num="62" count="6" type="cond" truecount="1" falsecount="0"/>
        <line num="63" count="2" type="stmt"/>
        <line num="66" count="4" type="cond" truecount="4" falsecount="0"/>
        <line num="67" count="1" type="stmt"/>
        <line num="70" count="3" type="cond" truecount="0" falsecount="1"/>
        <line num="71" count="0" type="stmt"/>
        <line num="72" count="0" type="stmt"/>
        <line num="75" count="3" type="cond" truecount="4" falsecount="0"/>
        <line num="76" count="1" type="stmt"/>
        <line num="77" count="2" type="cond" truecount="6" falsecount="2"/>
        <line num="78" count="2" type="cond" truecount="1" falsecount="1"/>
        <line num="81" count="2" type="stmt"/>
        <line num="97" count="1" type="stmt"/>
        <line num="98" count="1" type="cond" truecount="2" falsecount="2"/>
        <line num="99" count="0" type="stmt"/>
        <line num="101" count="1" type="stmt"/>
        <line num="112" count="2" type="stmt"/>
        <line num="115" count="1" type="stmt"/>
      </file>
    </package>
  </project>
</coverage>
