{"D:\\GitHub\\React\\src\\component\\api\\getApiSearch.tsx": {"path":"D:\\GitHub\\React\\src\\component\\api\\getApiSearch.tsx","statementMap":{"0":{"start":{"line":37,"column":9},"end":{"line":37,"column":21}},"1":{"start":{"line":5,"column":21},"end":{"line":5,"column":null}},"2":{"start":{"line":5,"column":10},"end":{"line":5,"column":null}},"3":{"start":{"line":6,"column":4},"end":{"line":8,"column":5}},"4":{"start":{"line":7,"column":6},"end":{"line":7,"column":64}},"5":{"start":{"line":9,"column":17},"end":{"line":9,"column":null}},"6":{"start":{"line":9,"column":10},"end":{"line":9,"column":null}},"7":{"start":{"line":10,"column":4},"end":{"line":10,"column":16}},"8":{"start":{"line":12,"column":4},"end":{"line":12,"column":41}},"9":{"start":{"line":14,"column":2},"end":{"line":14,"column":14}},"10":{"start":{"line":22,"column":8},"end":{"line":22,"column":48}},"11":{"start":{"line":26,"column":2},"end":{"line":30,"column":3}},"12":{"start":{"line":27,"column":4},"end":{"line":27,"column":75}},"13":{"start":{"line":29,"column":4},"end":{"line":29,"column":53}},"14":{"start":{"line":32,"column":21},"end":{"line":32,"column":null}},"15":{"start":{"line":32,"column":8},"end":{"line":32,"column":null}},"16":{"start":{"line":34,"column":2},"end":{"line":34,"column":20}}},"fnMap":{"0":{"name":"fetchData","decl":{"start":{"line":3,"column":15},"end":{"line":3,"column":24}},"loc":{"start":{"line":3,"column":36},"end":{"line":15,"column":null}}},"1":{"name":"getApiSearch","decl":{"start":{"line":17,"column":15},"end":{"line":17,"column":27}},"loc":{"start":{"line":20,"column":30},"end":{"line":35,"column":null}}}},"branchMap":{"0":{"loc":{"start":{"line":14,"column":2},"end":{"line":14,"column":14}},"type":"switch","locations":[{"start":{"line":14,"column":2},"end":{"line":14,"column":14}}]},"1":{"loc":{"start":{"line":6,"column":4},"end":{"line":8,"column":5}},"type":"if","locations":[{"start":{"line":6,"column":4},"end":{"line":8,"column":5}}]},"2":{"loc":{"start":{"line":26,"column":2},"end":{"line":30,"column":3}},"type":"if","locations":[{"start":{"line":26,"column":2},"end":{"line":30,"column":3}},{"start":{"line":28,"column":9},"end":{"line":30,"column":3}}]}},"s":{"0":2,"1":2,"2":2,"3":2,"4":1,"5":1,"6":1,"7":1,"8":1,"9":1,"10":2,"11":2,"12":1,"13":1,"14":2,"15":2,"16":2},"f":{"0":2,"1":2},"b":{"0":[1],"1":[1],"2":[1,1]}}
,"D:\\GitHub\\React\\src\\component\\header\\button.tsx": {"path":"D:\\GitHub\\React\\src\\component\\header\\button.tsx","statementMap":{"0":{"start":{"line":1,"column":0},"end":{"line":1,"column":47}},"1":{"start":{"line":8,"column":15},"end":{"line":25,"column":1}},"2":{"start":{"line":9,"column":24},"end":{"line":9,"column":30}},"3":{"start":{"line":10,"column":26},"end":{"line":10,"column":32}},"4":{"start":{"line":13,"column":4},"end":{"line":13,"column":63}},"5":{"start":{"line":15,"column":22},"end":{"line":18,"column":3}},"6":{"start":{"line":16,"column":18},"end":{"line":16,"column":46}},"7":{"start":{"line":17,"column":4},"end":{"line":17,"column":32}},"8":{"start":{"line":20,"column":2},"end":{"line":24,"column":4}},"9":{"start":{"line":27,"column":0},"end":{"line":27,"column":22}}},"fnMap":{"0":{"name":"(anonymous_0)","decl":{"start":{"line":8,"column":15},"end":{"line":8,"column":16}},"loc":{"start":{"line":8,"column":34},"end":{"line":25,"column":1}}},"1":{"name":"(anonymous_1)","decl":{"start":{"line":15,"column":22},"end":{"line":15,"column":null}},"loc":{"start":{"line":15,"column":22},"end":{"line":18,"column":3}}}},"branchMap":{"0":{"loc":{"start":{"line":13,"column":4},"end":{"line":13,"column":63}},"type":"cond-expr","locations":[{"start":{"line":13,"column":35},"end":{"line":13,"column":48}},{"start":{"line":13,"column":51},"end":{"line":13,"column":63}}]}},"s":{"0":1,"1":1,"2":4,"3":4,"4":4,"5":4,"6":2,"7":2,"8":4,"9":1},"f":{"0":4,"1":2},"b":{"0":[2,2]}}
,"D:\\GitHub\\React\\src\\component\\header\\input.tsx": {"path":"D:\\GitHub\\React\\src\\component\\header\\input.tsx","statementMap":{"0":{"start":{"line":1,"column":0},"end":{"line":1,"column":26}},"1":{"start":{"line":2,"column":0},"end":{"line":2,"column":45}},"2":{"start":{"line":3,"column":0},"end":{"line":3,"column":47}},"3":{"start":{"line":10,"column":14},"end":{"line":37,"column":1}},"4":{"start":{"line":11,"column":21},"end":{"line":11,"column":33}},"5":{"start":{"line":12,"column":20},"end":{"line":12,"column":64}},"6":{"start":{"line":14,"column":2},"end":{"line":16,"column":3}},"7":{"start":{"line":15,"column":4},"end":{"line":15,"column":33}},"8":{"start":{"line":18,"column":28},"end":{"line":18,"column":70}},"9":{"start":{"line":18,"column":14},"end":{"line":18,"column":16}},"10":{"start":{"line":18,"column":24},"end":{"line":18,"column":28}},"11":{"start":{"line":20,"column":28},"end":{"line":23,"column":3}},"12":{"start":{"line":21,"column":4},"end":{"line":21,"column":33}},"13":{"start":{"line":22,"column":4},"end":{"line":22,"column":60}},"14":{"start":{"line":25,"column":24},"end":{"line":25,"column":30}},"15":{"start":{"line":26,"column":26},"end":{"line":26,"column":32}},"16":{"start":{"line":28,"column":2},"end":{"line":36,"column":4}},"17":{"start":{"line":39,"column":0},"end":{"line":39,"column":21}}},"fnMap":{"0":{"name":"(anonymous_1)","decl":{"start":{"line":10,"column":14},"end":{"line":10,"column":15}},"loc":{"start":{"line":10,"column":27},"end":{"line":37,"column":1}}},"1":{"name":"(anonymous_2)","decl":{"start":{"line":20,"column":28},"end":{"line":20,"column":29}},"loc":{"start":{"line":20,"column":71},"end":{"line":23,"column":3}}}},"branchMap":{"0":{"loc":{"start":{"line":12,"column":27},"end":{"line":12,"column":63}},"type":"binary-expr","locations":[{"start":{"line":12,"column":27},"end":{"line":12,"column":57}},{"start":{"line":12,"column":61},"end":{"line":12,"column":63}}]},"1":{"loc":{"start":{"line":14,"column":2},"end":{"line":16,"column":3}},"type":"if","locations":[{"start":{"line":14,"column":2},"end":{"line":16,"column":3}}]},"2":{"loc":{"start":{"line":14,"column":6},"end":{"line":14,"column":71}},"type":"binary-expr","locations":[{"start":{"line":14,"column":6},"end":{"line":14,"column":47}},{"start":{"line":14,"column":51},"end":{"line":14,"column":71}}]},"3":{"loc":{"start":{"line":18,"column":43},"end":{"line":18,"column":69}},"type":"binary-expr","locations":[{"start":{"line":18,"column":43},"end":{"line":18,"column":54}},{"start":{"line":18,"column":58},"end":{"line":18,"column":69}}]}},"s":{"0":1,"1":1,"2":1,"3":1,"4":5,"5":5,"6":5,"7":3,"8":5,"9":5,"10":5,"11":5,"12":1,"13":1,"14":5,"15":5,"16":5,"17":1},"f":{"0":5,"1":1},"b":{"0":[5,0],"1":[3],"2":[5,3],"3":[5,0]}}
,"D:\\GitHub\\React\\src\\component\\main\\pageLink.tsx": {"path":"D:\\GitHub\\React\\src\\component\\main\\pageLink.tsx","statementMap":{"0":{"start":{"line":1,"column":0},"end":{"line":1,"column":26}},"1":{"start":{"line":2,"column":0},"end":{"line":2,"column":51}},"2":{"start":{"line":3,"column":0},"end":{"line":3,"column":47}},"3":{"start":{"line":9,"column":17},"end":{"line":39,"column":1}},"4":{"start":{"line":10,"column":18},"end":{"line":10,"column":24}},"5":{"start":{"line":11,"column":23},"end":{"line":11,"column":42}},"6":{"start":{"line":12,"column":44},"end":{"line":12,"column":79}},"7":{"start":{"line":12,"column":22},"end":{"line":12,"column":24}},"8":{"start":{"line":12,"column":40},"end":{"line":12,"column":44}},"9":{"start":{"line":13,"column":26},"end":{"line":13,"column":60}},"10":{"start":{"line":14,"column":21},"end":{"line":14,"column":33}},"11":{"start":{"line":16,"column":2},"end":{"line":23,"column":9}},"12":{"start":{"line":17,"column":21},"end":{"line":17,"column":60}},"13":{"start":{"line":18,"column":4},"end":{"line":22,"column":7}},"14":{"start":{"line":19,"column":6},"end":{"line":21,"column":7}},"15":{"start":{"line":20,"column":8},"end":{"line":20,"column":43}},"16":{"start":{"line":25,"column":18},"end":{"line":33,"column":4}},"17":{"start":{"line":25,"column":52},"end":{"line":33,"column":4}},"18":{"start":{"line":34,"column":2},"end":{"line":38,"column":4}},"19":{"start":{"line":41,"column":0},"end":{"line":41,"column":24}}},"fnMap":{"0":{"name":"(anonymous_1)","decl":{"start":{"line":9,"column":17},"end":{"line":9,"column":18}},"loc":{"start":{"line":9,"column":38},"end":{"line":39,"column":1}}},"1":{"name":"(anonymous_2)","decl":{"start":{"line":16,"column":18},"end":{"line":16,"column":null}},"loc":{"start":{"line":16,"column":18},"end":{"line":23,"column":3}}},"2":{"name":"(anonymous_3)","decl":{"start":{"line":18,"column":21},"end":{"line":18,"column":22}},"loc":{"start":{"line":18,"column":26},"end":{"line":22,"column":5}}},"3":{"name":"(anonymous_4)","decl":{"start":{"line":25,"column":38},"end":{"line":25,"column":39}},"loc":{"start":{"line":25,"column":47},"end":{"line":25,"column":null}}}},"branchMap":{"0":{"loc":{"start":{"line":19,"column":6},"end":{"line":21,"column":7}},"type":"if","locations":[{"start":{"line":19,"column":6},"end":{"line":21,"column":7}}]},"1":{"loc":{"start":{"line":29,"column":28},"end":{"line":29,"column":73}},"type":"cond-expr","locations":[{"start":{"line":29,"column":59},"end":{"line":29,"column":68}},{"start":{"line":29,"column":71},"end":{"line":29,"column":73}}]}},"s":{"0":2,"1":2,"2":2,"3":2,"4":1,"5":1,"6":1,"7":1,"8":1,"9":1,"10":1,"11":1,"12":1,"13":1,"14":0,"15":0,"16":1,"17":3,"18":1,"19":2},"f":{"0":1,"1":1,"2":0,"3":3},"b":{"0":[0],"1":[1,2]}}
,"D:\\GitHub\\React\\src\\component\\main\\post.tsx": {"path":"D:\\GitHub\\React\\src\\component\\main\\post.tsx","statementMap":{"0":{"start":{"line":1,"column":0},"end":{"line":1,"column":26}},"1":{"start":{"line":2,"column":0},"end":{"line":2,"column":51}},"2":{"start":{"line":4,"column":0},"end":{"line":4,"column":64}},"3":{"start":{"line":5,"column":0},"end":{"line":5,"column":34}},"4":{"start":{"line":6,"column":0},"end":{"line":6,"column":48}},"5":{"start":{"line":13,"column":13},"end":{"line":111,"column":1}},"6":{"start":{"line":14,"column":34},"end":{"line":14,"column":36}},"7":{"start":{"line":15,"column":18},"end":{"line":15,"column":22}},"8":{"start":{"line":17,"column":28},"end":{"line":20,"column":4}},"9":{"start":{"line":17,"column":14},"end":{"line":17,"column":16}},"10":{"start":{"line":17,"column":24},"end":{"line":17,"column":28}},"11":{"start":{"line":22,"column":35},"end":{"line":22,"column":46}},"12":{"start":{"line":22,"column":14},"end":{"line":22,"column":16}},"13":{"start":{"line":22,"column":22},"end":{"line":22,"column":24}},"14":{"start":{"line":22,"column":30},"end":{"line":22,"column":35}},"15":{"start":{"line":23,"column":19},"end":{"line":23,"column":32}},"16":{"start":{"line":25,"column":28},"end":{"line":47,"column":4}},"17":{"start":{"line":26,"column":4},"end":{"line":38,"column":5}},"18":{"start":{"line":27,"column":6},"end":{"line":27,"column":57}},"19":{"start":{"line":28,"column":6},"end":{"line":28,"column":53}},"20":{"start":{"line":30,"column":12},"end":{"line":30,"column":63}},"21":{"start":{"line":31,"column":6},"end":{"line":37,"column":9}},"22":{"start":{"line":32,"column":8},"end":{"line":36,"column":9}},"23":{"start":{"line":33,"column":10},"end":{"line":35,"column":12}},"24":{"start":{"line":39,"column":4},"end":{"line":39,"column":22}},"25":{"start":{"line":40,"column":4},"end":{"line":40,"column":45}},"26":{"start":{"line":41,"column":22},"end":{"line":45,"column":null}},"27":{"start":{"line":41,"column":10},"end":{"line":45,"column":null}},"28":{"start":{"line":46,"column":4},"end":{"line":46,"column":53}},"29":{"start":{"line":49,"column":2},"end":{"line":51,"column":21}},"30":{"start":{"line":50,"column":4},"end":{"line":50,"column":24}},"31":{"start":{"line":53,"column":2},"end":{"line":56,"column":9}},"32":{"start":{"line":54,"column":4},"end":{"line":54,"column":24}},"33":{"start":{"line":55,"column":4},"end":{"line":55,"column":62}},"34":{"start":{"line":58,"column":31},"end":{"line":58,"column":37}},"35":{"start":{"line":60,"column":2},"end":{"line":62,"column":3}},"36":{"start":{"line":61,"column":4},"end":{"line":61,"column":78}},"37":{"start":{"line":64,"column":2},"end":{"line":66,"column":3}},"38":{"start":{"line":65,"column":4},"end":{"line":65,"column":55}},"39":{"start":{"line":68,"column":2},"end":{"line":71,"column":3}},"40":{"start":{"line":69,"column":4},"end":{"line":69,"column":47}},"41":{"start":{"line":70,"column":4},"end":{"line":70,"column":45}},"42":{"start":{"line":73,"column":2},"end":{"line":109,"column":3}},"43":{"start":{"line":74,"column":21},"end":{"line":94,"column":6}},"44":{"start":{"line":75,"column":28},"end":{"line":75,"column":49}},"45":{"start":{"line":76,"column":25},"end":{"line":78,"column":19}},"46":{"start":{"line":79,"column":6},"end":{"line":93,"column":8}},"47":{"start":{"line":95,"column":21},"end":{"line":95,"column":26}},"48":{"start":{"line":96,"column":4},"end":{"line":98,"column":5}},"49":{"start":{"line":97,"column":6},"end":{"line":97,"column":24}},"50":{"start":{"line":99,"column":4},"end":{"line":108,"column":6}},"51":{"start":{"line":110,"column":2},"end":{"line":110,"column":14}},"52":{"start":{"line":113,"column":0},"end":{"line":113,"column":20}}},"fnMap":{"0":{"name":"(anonymous_14)","decl":{"start":{"line":13,"column":13},"end":{"line":13,"column":null}},"loc":{"start":{"line":13,"column":13},"end":{"line":111,"column":1}}},"1":{"name":"(anonymous_15)","decl":{"start":{"line":25,"column":28},"end":{"line":25,"column":null}},"loc":{"start":{"line":25,"column":28},"end":{"line":47,"column":4}}},"2":{"name":"(anonymous_18)","decl":{"start":{"line":31,"column":23},"end":{"line":31,"column":24}},"loc":{"start":{"line":31,"column":28},"end":{"line":37,"column":7}}},"3":{"name":"(anonymous_19)","decl":{"start":{"line":49,"column":18},"end":{"line":49,"column":null}},"loc":{"start":{"line":49,"column":18},"end":{"line":51,"column":3}}},"4":{"name":"(anonymous_20)","decl":{"start":{"line":53,"column":18},"end":{"line":53,"column":null}},"loc":{"start":{"line":53,"column":18},"end":{"line":56,"column":3}}},"5":{"name":"(anonymous_21)","decl":{"start":{"line":74,"column":39},"end":{"line":74,"column":40}},"loc":{"start":{"line":74,"column":51},"end":{"line":94,"column":5}}}},"branchMap":{"0":{"loc":{"start":{"line":26,"column":4},"end":{"line":38,"column":5}},"type":"if","locations":[{"start":{"line":26,"column":4},"end":{"line":38,"column":5}},{"start":{"line":29,"column":11},"end":{"line":38,"column":5}}]},"1":{"loc":{"start":{"line":32,"column":8},"end":{"line":36,"column":9}},"type":"if","locations":[{"start":{"line":32,"column":8},"end":{"line":36,"column":9}}]},"2":{"loc":{"start":{"line":60,"column":2},"end":{"line":62,"column":3}},"type":"if","locations":[{"start":{"line":60,"column":2},"end":{"line":62,"column":3}}]},"3":{"loc":{"start":{"line":64,"column":2},"end":{"line":66,"column":3}},"type":"if","locations":[{"start":{"line":64,"column":2},"end":{"line":66,"column":3}}]},"4":{"loc":{"start":{"line":64,"column":6},"end":{"line":64,"column":56}},"type":"binary-expr","locations":[{"start":{"line":64,"column":6},"end":{"line":64,"column":11}},{"start":{"line":64,"column":15},"end":{"line":64,"column":28}},{"start":{"line":64,"column":32},"end":{"line":64,"column":56}}]},"5":{"loc":{"start":{"line":68,"column":2},"end":{"line":71,"column":3}},"type":"if","locations":[{"start":{"line":68,"column":2},"end":{"line":71,"column":3}}]},"6":{"loc":{"start":{"line":73,"column":2},"end":{"line":109,"column":3}},"type":"if","locations":[{"start":{"line":73,"column":2},"end":{"line":109,"column":3}}]},"7":{"loc":{"start":{"line":73,"column":6},"end":{"line":73,"column":56}},"type":"binary-expr","locations":[{"start":{"line":73,"column":6},"end":{"line":73,"column":11}},{"start":{"line":73,"column":15},"end":{"line":73,"column":28}},{"start":{"line":73,"column":32},"end":{"line":73,"column":56}}]},"8":{"loc":{"start":{"line":75,"column":28},"end":{"line":75,"column":49}},"type":"cond-expr","locations":[{"start":{"line":75,"column":37},"end":{"line":75,"column":39}},{"start":{"line":75,"column":37},"end":{"line":75,"column":49}}]},"9":{"loc":{"start":{"line":75,"column":28},"end":{"line":75,"column":39}},"type":"binary-expr","locations":[{"start":{"line":75,"column":28},"end":{"line":75,"column":39}},{"start":{"line":75,"column":37},"end":{"line":75,"column":39}}]},"10":{"loc":{"start":{"line":75,"column":28},"end":{"line":75,"column":37}},"type":"cond-expr","locations":[{"start":{"line":75,"column":32},"end":{"line":75,"column":34}},{"start":{"line":75,"column":28},"end":{"line":75,"column":37}}]},"11":{"loc":{"start":{"line":75,"column":28},"end":{"line":75,"column":34}},"type":"binary-expr","locations":[{"start":{"line":75,"column":28},"end":{"line":75,"column":34}},{"start":{"line":75,"column":28},"end":{"line":75,"column":34}}]},"12":{"loc":{"start":{"line":76,"column":25},"end":{"line":78,"column":19}},"type":"cond-expr","locations":[{"start":{"line":77,"column":10},"end":{"line":77,"column":49}},{"start":{"line":78,"column":10},"end":{"line":78,"column":19}}]},"13":{"loc":{"start":{"line":86,"column":13},"end":{"line":90,"column":20}},"type":"cond-expr","locations":[{"start":{"line":87,"column":16},"end":{"line":87,"column":25}},{"start":{"line":88,"column":17},"end":{"line":90,"column":20}}]},"14":{"loc":{"start":{"line":88,"column":17},"end":{"line":90,"column":20}},"type":"cond-expr","locations":[{"start":{"line":89,"column":19},"end":{"line":89,"column":44}},{"start":{"line":90,"column":18},"end":{"line":90,"column":20}}]},"15":{"loc":{"start":{"line":96,"column":4},"end":{"line":98,"column":5}},"type":"if","locations":[{"start":{"line":96,"column":4},"end":{"line":98,"column":5}}]},"16":{"loc":{"start":{"line":96,"column":8},"end":{"line":96,"column":48}},"type":"binary-expr","locations":[{"start":{"line":96,"column":8},"end":{"line":96,"column":13}},{"start":{"line":96,"column":17},"end":{"line":96,"column":28}},{"start":{"line":96,"column":32},"end":{"line":96,"column":48}}]},"17":{"loc":{"start":{"line":102,"column":9},"end":{"line":105,"column":null}},"type":"cond-expr","locations":[{"start":{"line":103,"column":10},"end":{"line":103,"column":54}},{"start":{"line":105,"column":10},"end":{"line":105,"column":21}}]},"18":{"loc":{"start":{"line":103,"column":25},"end":{"line":103,"column":41}},"type":"binary-expr","locations":[{"start":{"line":103,"column":25},"end":{"line":103,"column":36}},{"start":{"line":103,"column":40},"end":{"line":103,"column":41}}]}},"s":{"0":1,"1":1,"2":1,"3":1,"4":1,"5":1,"6":6,"7":6,"8":6,"9":6,"10":6,"11":6,"12":6,"13":6,"14":6,"15":6,"16":10,"17":4,"18":2,"19":2,"20":2,"21":2,"22":0,"23":0,"24":4,"25":4,"26":4,"27":4,"28":4,"29":6,"30":2,"31":6,"32":2,"33":2,"34":12,"35":6,"36":2,"37":4,"38":1,"39":3,"40":0,"41":0,"42":3,"43":1,"44":2,"45":2,"46":2,"47":1,"48":1,"49":0,"50":1,"51":2,"52":1},"f":{"0":6,"1":8,"2":0,"3":2,"4":2,"5":2},"b":{"0":[2,2],"1":[0],"2":[2],"3":[1],"4":[4,4,2],"5":[0],"6":[1],"7":[3,3,1],"8":[0,2],"9":[2,2],"10":[0,2],"11":[2,2],"12":[2,0],"13":[1,1],"14":[1,0],"15":[0],"16":[1,1,0],"17":[0,1],"18":[0,0]}}
}
