{"D:\\GitHub\\React\\src\\component\\api\\starWarsApiSlice.tsx": {"path":"D:\\GitHub\\React\\src\\component\\api\\starWarsApiSlice.tsx","statementMap":{"0":{"start":{"line":1,"column":0},"end":{"line":1,"column":73}},"1":{"start":{"line":4,"column":13},"end":{"line":16,"column":3}},"2":{"start":{"line":7,"column":26},"end":{"line":15,"column":null}},"3":{"start":{"line":9,"column":20},"end":{"line":9,"column":22}},"4":{"start":{"line":9,"column":28},"end":{"line":9,"column":30}},"5":{"start":{"line":9,"column":34},"end":{"line":9,"column":36}},"6":{"start":{"line":10,"column":8},"end":{"line":10,"column":null}},"7":{"start":{"line":13,"column":20},"end":{"line":13,"column":22}},"8":{"start":{"line":13,"column":24},"end":{"line":13,"column":26}},"9":{"start":{"line":13,"column":31},"end":{"line":13,"column":null}},"10":{"start":{"line":18,"column":15},"end":{"line":18,"column":80}}},"fnMap":{"0":{"name":"(anonymous_0)","decl":{"start":{"line":7,"column":13},"end":{"line":7,"column":14}},"loc":{"start":{"line":7,"column":21},"end":{"line":7,"column":27}}},"1":{"name":"(anonymous_1)","decl":{"start":{"line":9,"column":13},"end":{"line":9,"column":14}},"loc":{"start":{"line":9,"column":36},"end":{"line":10,"column":11}}},"2":{"name":"(anonymous_2)","decl":{"start":{"line":13,"column":13},"end":{"line":13,"column":14}},"loc":{"start":{"line":13,"column":26},"end":{"line":13,"column":34}}}},"branchMap":{},"s":{"0":1,"1":1,"2":1,"3":1,"4":1,"5":1,"6":1,"7":1,"8":1,"9":1,"10":1},"f":{"0":1,"1":1,"2":1},"b":{}}
,"D:\\GitHub\\React\\src\\component\\header\\button.tsx": {"path":"D:\\GitHub\\React\\src\\component\\header\\button.tsx","statementMap":{"0":{"start":{"line":1,"column":0},"end":{"line":1,"column":48}},"1":{"start":{"line":8,"column":15},"end":{"line":26,"column":1}},"2":{"start":{"line":9,"column":24},"end":{"line":9,"column":30}},"3":{"start":{"line":10,"column":26},"end":{"line":10,"column":32}},"4":{"start":{"line":12,"column":22},"end":{"line":14,"column":18}},"5":{"start":{"line":16,"column":22},"end":{"line":19,"column":3}},"6":{"start":{"line":17,"column":18},"end":{"line":17,"column":46}},"7":{"start":{"line":18,"column":4},"end":{"line":18,"column":32}},"8":{"start":{"line":21,"column":2},"end":{"line":25,"column":4}},"9":{"start":{"line":28,"column":0},"end":{"line":28,"column":22}}},"fnMap":{"0":{"name":"(anonymous_0)","decl":{"start":{"line":8,"column":15},"end":{"line":8,"column":16}},"loc":{"start":{"line":8,"column":34},"end":{"line":26,"column":1}}},"1":{"name":"(anonymous_1)","decl":{"start":{"line":16,"column":22},"end":{"line":16,"column":null}},"loc":{"start":{"line":16,"column":22},"end":{"line":19,"column":3}}}},"branchMap":{"0":{"loc":{"start":{"line":12,"column":22},"end":{"line":14,"column":18}},"type":"cond-expr","locations":[{"start":{"line":13,"column":6},"end":{"line":13,"column":19}},{"start":{"line":14,"column":6},"end":{"line":14,"column":18}}]},"1":{"loc":{"start":{"line":12,"column":22},"end":{"line":12,"column":57}},"type":"cond-expr","locations":[{"start":{"line":12,"column":31},"end":{"line":12,"column":33}},{"start":{"line":12,"column":22},"end":{"line":12,"column":57}}]},"2":{"loc":{"start":{"line":12,"column":22},"end":{"line":12,"column":33}},"type":"binary-expr","locations":[{"start":{"line":12,"column":22},"end":{"line":12,"column":33}},{"start":{"line":12,"column":22},"end":{"line":12,"column":33}}]}},"s":{"0":1,"1":1,"2":4,"3":4,"4":4,"5":4,"6":2,"7":2,"8":4,"9":1},"f":{"0":4,"1":2},"b":{"0":[2,2],"1":[1,3],"2":[4,4]}}
,"D:\\GitHub\\React\\src\\component\\header\\input.tsx": {"path":"D:\\GitHub\\React\\src\\component\\header\\input.tsx","statementMap":{"0":{"start":{"line":1,"column":0},"end":{"line":1,"column":26}},"1":{"start":{"line":2,"column":0},"end":{"line":2,"column":45}},"2":{"start":{"line":3,"column":0},"end":{"line":3,"column":48}},"3":{"start":{"line":10,"column":14},"end":{"line":37,"column":1}},"4":{"start":{"line":11,"column":21},"end":{"line":11,"column":33}},"5":{"start":{"line":12,"column":20},"end":{"line":12,"column":64}},"6":{"start":{"line":14,"column":2},"end":{"line":16,"column":3}},"7":{"start":{"line":15,"column":4},"end":{"line":15,"column":33}},"8":{"start":{"line":18,"column":28},"end":{"line":18,"column":61}},"9":{"start":{"line":18,"column":14},"end":{"line":18,"column":16}},"10":{"start":{"line":18,"column":24},"end":{"line":18,"column":28}},"11":{"start":{"line":20,"column":28},"end":{"line":23,"column":3}},"12":{"start":{"line":21,"column":4},"end":{"line":21,"column":33}},"13":{"start":{"line":22,"column":4},"end":{"line":22,"column":60}},"14":{"start":{"line":25,"column":24},"end":{"line":25,"column":30}},"15":{"start":{"line":26,"column":26},"end":{"line":26,"column":32}},"16":{"start":{"line":28,"column":2},"end":{"line":36,"column":4}},"17":{"start":{"line":39,"column":0},"end":{"line":39,"column":21}}},"fnMap":{"0":{"name":"(anonymous_1)","decl":{"start":{"line":10,"column":14},"end":{"line":10,"column":15}},"loc":{"start":{"line":10,"column":27},"end":{"line":37,"column":1}}},"1":{"name":"(anonymous_2)","decl":{"start":{"line":20,"column":28},"end":{"line":20,"column":29}},"loc":{"start":{"line":20,"column":71},"end":{"line":23,"column":3}}}},"branchMap":{"0":{"loc":{"start":{"line":12,"column":27},"end":{"line":12,"column":63}},"type":"binary-expr","locations":[{"start":{"line":12,"column":27},"end":{"line":12,"column":57}},{"start":{"line":12,"column":61},"end":{"line":12,"column":63}}]},"1":{"loc":{"start":{"line":14,"column":2},"end":{"line":16,"column":3}},"type":"if","locations":[{"start":{"line":14,"column":2},"end":{"line":16,"column":3}}]},"2":{"loc":{"start":{"line":14,"column":6},"end":{"line":14,"column":71}},"type":"binary-expr","locations":[{"start":{"line":14,"column":6},"end":{"line":14,"column":47}},{"start":{"line":14,"column":51},"end":{"line":14,"column":71}}]},"3":{"loc":{"start":{"line":18,"column":43},"end":{"line":18,"column":60}},"type":"binary-expr","locations":[{"start":{"line":18,"column":43},"end":{"line":18,"column":54}},{"start":{"line":18,"column":58},"end":{"line":18,"column":60}}]}},"s":{"0":1,"1":1,"2":1,"3":1,"4":5,"5":5,"6":5,"7":3,"8":5,"9":5,"10":5,"11":5,"12":1,"13":1,"14":5,"15":5,"16":5,"17":1},"f":{"0":5,"1":1},"b":{"0":[5,0],"1":[3],"2":[5,3],"3":[5,0]}}
}
