TN:
SF:src\component\api\getApiSearch.tsx
FN:3,fetchData
FN:17,getApiSearch
FNF:2
FNH:2
FNDA:2,fetchData
FNDA:2,getApiSearch
DA:5,2
DA:6,2
DA:7,1
DA:9,1
DA:10,1
DA:12,1
DA:14,1
DA:22,2
DA:26,2
DA:27,1
DA:29,1
DA:32,2
DA:34,2
DA:37,2
LF:14
LH:14
BRDA:14,0,0,1
BRDA:6,1,0,1
BRDA:26,2,0,1
BRDA:26,2,1,1
BRF:4
BRH:4
end_of_record
TN:
SF:src\component\header\button.tsx
FN:8,(anonymous_0)
FN:15,(anonymous_1)
FNF:2
FNH:2
FNDA:4,(anonymous_0)
FNDA:2,(anonymous_1)
DA:1,1
DA:8,1
DA:9,4
DA:10,4
DA:13,4
DA:15,4
DA:16,2
DA:17,2
DA:20,4
DA:27,1
LF:10
LH:10
BRDA:13,0,0,2
BRDA:13,0,1,2
BRF:2
BRH:2
end_of_record
TN:
SF:src\component\header\input.tsx
FN:10,(anonymous_1)
FN:20,(anonymous_2)
FNF:2
FNH:2
FNDA:5,(anonymous_1)
FNDA:1,(anonymous_2)
DA:1,1
DA:2,1
DA:3,1
DA:10,1
DA:11,5
DA:12,5
DA:14,5
DA:15,3
DA:18,5
DA:20,5
DA:21,1
DA:22,1
DA:25,5
DA:26,5
DA:28,5
DA:39,1
LF:16
LH:16
BRDA:12,0,0,5
BRDA:12,0,1,0
BRDA:14,1,0,3
BRDA:14,2,0,5
BRDA:14,2,1,3
BRDA:18,3,0,5
BRDA:18,3,1,0
BRF:7
BRH:5
end_of_record
TN:
SF:src\component\main\pageLink.tsx
FN:9,(anonymous_1)
FN:16,(anonymous_2)
FN:18,(anonymous_3)
FN:25,(anonymous_4)
FNF:4
FNH:3
FNDA:1,(anonymous_1)
FNDA:1,(anonymous_2)
FNDA:0,(anonymous_3)
FNDA:3,(anonymous_4)
DA:1,2
DA:2,2
DA:3,2
DA:9,2
DA:10,1
DA:11,1
DA:12,1
DA:13,1
DA:14,1
DA:16,1
DA:17,1
DA:18,1
DA:19,0
DA:20,0
DA:25,3
DA:34,1
DA:41,2
LF:17
LH:15
BRDA:19,0,0,0
BRDA:29,1,0,1
BRDA:29,1,1,2
BRF:3
BRH:2
end_of_record
TN:
SF:src\component\main\post.tsx
FN:13,(anonymous_14)
FN:25,(anonymous_15)
FN:31,(anonymous_18)
FN:49,(anonymous_19)
FN:53,(anonymous_20)
FN:55,(anonymous_21)
FN:76,(anonymous_22)
FNF:7
FNH:6
FNDA:6,(anonymous_14)
FNDA:4,(anonymous_15)
FNDA:0,(anonymous_18)
FNDA:2,(anonymous_19)
FNDA:2,(anonymous_20)
FNDA:2,(anonymous_21)
FNDA:2,(anonymous_22)
DA:1,1
DA:2,1
DA:4,1
DA:5,1
DA:6,1
DA:13,1
DA:14,6
DA:15,6
DA:17,6
DA:22,6
DA:23,6
DA:25,8
DA:26,2
DA:27,2
DA:28,2
DA:30,0
DA:31,0
DA:32,0
DA:33,0
DA:39,2
DA:40,2
DA:41,2
DA:46,2
DA:49,6
DA:50,2
DA:53,6
DA:54,2
DA:55,2
DA:56,2
DA:60,12
DA:62,6
DA:63,2
DA:66,4
DA:67,1
DA:70,3
DA:71,0
DA:72,0
DA:75,3
DA:76,1
DA:77,2
DA:78,2
DA:81,2
DA:97,1
DA:98,1
DA:99,0
DA:101,1
DA:112,2
DA:115,1
LF:48
LH:41
BRDA:26,0,0,2
BRDA:26,0,1,0
BRDA:32,1,0,0
BRDA:62,2,0,2
BRDA:66,3,0,1
BRDA:66,4,0,4
BRDA:66,4,1,4
BRDA:66,4,2,2
BRDA:70,5,0,0
BRDA:75,6,0,1
BRDA:75,7,0,3
BRDA:75,7,1,3
BRDA:75,7,2,1
BRDA:77,8,0,0
BRDA:77,8,1,2
BRDA:77,9,0,2
BRDA:77,9,1,2
BRDA:77,10,0,0
BRDA:77,10,1,2
BRDA:77,11,0,2
BRDA:77,11,1,2
BRDA:78,12,0,2
BRDA:78,12,1,0
BRDA:88,13,0,1
BRDA:88,13,1,1
BRDA:90,14,0,1
BRDA:90,14,1,0
BRDA:98,15,0,0
BRDA:98,16,0,1
BRDA:98,16,1,1
BRDA:98,16,2,0
BRDA:104,17,0,0
BRDA:104,17,1,1
BRDA:105,18,0,0
BRDA:105,18,1,0
BRF:35
BRH:23
end_of_record
