TN:
SF:src\component\api\getApiSearch.tsx
FN:3,fetchData
FN:17,getApiSearch
FNF:2
FNH:2
FNDA:2,fetchData
FNDA:2,getApiSearch
DA:5,2
DA:6,2
DA:7,1
DA:9,1
DA:10,1
DA:12,1
DA:14,1
DA:22,2
DA:26,2
DA:27,1
DA:29,1
DA:32,2
DA:34,2
DA:37,2
LF:14
LH:14
BRDA:14,0,0,1
BRDA:6,1,0,1
BRDA:26,2,0,1
BRDA:26,2,1,1
BRF:4
BRH:4
end_of_record
TN:
SF:src\component\header\button.tsx
FN:8,(anonymous_0)
FN:15,(anonymous_1)
FNF:2
FNH:2
FNDA:4,(anonymous_0)
FNDA:2,(anonymous_1)
DA:1,1
DA:8,1
DA:9,4
DA:10,4
DA:13,4
DA:15,4
DA:16,2
DA:17,2
DA:20,4
DA:27,1
LF:10
LH:10
BRDA:13,0,0,2
BRDA:13,0,1,2
BRF:2
BRH:2
end_of_record
TN:
SF:src\component\header\input.tsx
FN:10,(anonymous_1)
FN:20,(anonymous_2)
FNF:2
FNH:2
FNDA:5,(anonymous_1)
FNDA:1,(anonymous_2)
DA:1,1
DA:2,1
DA:3,1
DA:10,1
DA:11,5
DA:12,5
DA:14,5
DA:15,3
DA:18,5
DA:20,5
DA:21,1
DA:22,1
DA:25,5
DA:26,5
DA:28,5
DA:39,1
LF:16
LH:16
BRDA:12,0,0,5
BRDA:12,0,1,0
BRDA:14,1,0,3
BRDA:14,2,0,5
BRDA:14,2,1,3
BRDA:18,3,0,5
BRDA:18,3,1,0
BRF:7
BRH:5
end_of_record
TN:
SF:src\component\main\pageLink.tsx
FN:9,(anonymous_1)
FN:16,(anonymous_2)
FN:18,(anonymous_3)
FN:25,(anonymous_4)
FNF:4
FNH:3
FNDA:1,(anonymous_1)
FNDA:1,(anonymous_2)
FNDA:0,(anonymous_3)
FNDA:3,(anonymous_4)
DA:1,2
DA:2,2
DA:3,2
DA:9,2
DA:10,1
DA:11,1
DA:12,1
DA:13,1
DA:14,1
DA:16,1
DA:17,1
DA:18,1
DA:19,0
DA:20,0
DA:25,3
DA:34,1
DA:41,2
LF:17
LH:15
BRDA:19,0,0,0
BRDA:29,1,0,1
BRDA:29,1,1,2
BRF:3
BRH:2
end_of_record
TN:
SF:src\component\main\post.tsx
FN:13,(anonymous_14)
FN:25,(anonymous_15)
FN:31,(anonymous_18)
FN:49,(anonymous_19)
FN:53,(anonymous_20)
FN:74,(anonymous_21)
FNF:6
FNH:5
FNDA:6,(anonymous_14)
FNDA:8,(anonymous_15)
FNDA:0,(anonymous_18)
FNDA:2,(anonymous_19)
FNDA:2,(anonymous_20)
FNDA:2,(anonymous_21)
DA:1,1
DA:2,1
DA:4,1
DA:5,1
DA:6,1
DA:13,1
DA:14,6
DA:15,6
DA:17,6
DA:22,6
DA:23,6
DA:25,10
DA:26,4
DA:27,2
DA:28,2
DA:30,2
DA:31,2
DA:32,0
DA:33,0
DA:39,4
DA:40,4
DA:41,4
DA:46,4
DA:49,6
DA:50,2
DA:53,6
DA:54,2
DA:55,2
DA:58,12
DA:60,6
DA:61,2
DA:64,4
DA:65,1
DA:68,3
DA:69,0
DA:70,0
DA:73,3
DA:74,1
DA:75,2
DA:76,2
DA:79,2
DA:95,1
DA:96,1
DA:97,0
DA:99,1
DA:110,2
DA:113,1
LF:47
LH:42
BRDA:26,0,0,2
BRDA:26,0,1,2
BRDA:32,1,0,0
BRDA:60,2,0,2
BRDA:64,3,0,1
BRDA:64,4,0,4
BRDA:64,4,1,4
BRDA:64,4,2,2
BRDA:68,5,0,0
BRDA:73,6,0,1
BRDA:73,7,0,3
BRDA:73,7,1,3
BRDA:73,7,2,1
BRDA:75,8,0,0
BRDA:75,8,1,2
BRDA:75,9,0,2
BRDA:75,9,1,2
BRDA:75,10,0,0
BRDA:75,10,1,2
BRDA:75,11,0,2
BRDA:75,11,1,2
BRDA:76,12,0,2
BRDA:76,12,1,0
BRDA:86,13,0,1
BRDA:86,13,1,1
BRDA:88,14,0,1
BRDA:88,14,1,0
BRDA:96,15,0,0
BRDA:96,16,0,1
BRDA:96,16,1,1
BRDA:96,16,2,0
BRDA:102,17,0,0
BRDA:102,17,1,1
BRDA:103,18,0,0
BRDA:103,18,1,0
BRF:35
BRH:24
end_of_record
